<?xml version="1.0" encoding="UTF-8"?>
<!-- Generated by org.testng.reporters.JUnitReportReporter -->
<testsuite hostname="LAPTOP-R11FF2KT" failures="0" tests="1" name="org.chorus.practice.TC1" time="11.188" errors="0" timestamp="2022-09-14T15:11:53 IST" skipped="0">
  <testcase classname="org.chorus.practice.TC1" name="createProductTest" time="11.188"/>
  <system-out/>
</testsuite> <!-- org.chorus.practice.TC1 -->
