<?xml version="1.0" encoding="UTF-8"?>
<!-- Generated by org.testng.reporters.JUnitReportReporter -->
<testsuite hostname="LAPTOP-R11FF2KT" failures="0" tests="2" name="org.chorus.practice.TestNGPracticeTest" time="0.025" errors="0" timestamp="2022-09-09T10:15:20 IST" skipped="0">
  <testcase classname="org.chorus.practice.TestNGPracticeTest" name="step1Test" time="0.023"/>
  <system-out/>
  <testcase classname="org.chorus.practice.TestNGPracticeTest" name="step2Test" time="0.002"/>
  <system-out/>
</testsuite> <!-- org.chorus.practice.TestNGPracticeTest -->
