<?xml version="1.0" encoding="UTF-8"?>
<!-- Generated by org.testng.reporters.JUnitReportReporter -->
<testsuite hostname="LAPTOP-R11FF2KT" failures="0" tests="1" name="org.chorus.practice.BasicConfigPract" time="0.009" errors="0" timestamp="2022-09-09T10:27:25 IST" skipped="0">
  <testcase classname="org.chorus.practice.BasicConfigPract" name="testStep" time="0.009"/>
  <system-out/>
</testsuite> <!-- org.chorus.practice.BasicConfigPract -->
