<?xml version="1.0" encoding="UTF-8"?>
<!-- Generated by org.testng.reporters.JUnitReportReporter -->
<testsuite hostname="LAPTOP-R11FF2KT" failures="0" tests="1" name="org.chorus.practice.MavenPract" time="0.017" errors="0" timestamp="2022-09-20T11:32:13 IST" skipped="0">
  <testcase classname="org.chorus.practice.MavenPract" name="mavenPract" time="0.017"/>
  <system-out/>
</testsuite> <!-- org.chorus.practice.MavenPract -->
