<?xml version="1.0" encoding="UTF-8"?>
<!-- Generated by org.testng.reporters.JUnitReportReporter -->
<testsuite hostname="LAPTOP-R11FF2KT" failures="0" tests="1" name="org.chorus.practice.TC2" time="10.581" errors="0" timestamp="2022-09-15T10:15:21 IST" skipped="0">
  <testcase classname="org.chorus.practice.TC2" name="createProductPart" time="10.581"/>
  <system-out/>
</testsuite> <!-- org.chorus.practice.TC2 -->
